<?xml version="1.0" encoding="UTF-8"?>
<!-- Generated by org.testng.reporters.JUnitReportReporter -->
<testsuite hostname="Admin-PC" name="com.test.TestNGMaven" tests="1" failures="0" timestamp="6 Mar 2017 05:06:57 GMT" time="2.334" errors="0">
  <testcase name="start" time="2.334" classname="com.test.TestNGMaven"/>
</testsuite> <!-- com.test.TestNGMaven -->
